<?xml version="1.0" encoding="UTF-8" standalone="no"?>
<!DOCTYPE log SYSTEM "logger.dtd">
<log>
<record>
  <date>2018-09-14T16:01:03</date>
  <millis>1536937263577</millis>
  <sequence>0</sequence>
  <level>START</level>
  <class>com.kms.katalon.core.logging.KeywordLogger</class>
  <method>startSuite</method>
  <thread>1</thread>
  <message>Start Test Suite : Test Suites/RegressionSuite</message>
  <nestedLevel>0</nestedLevel>
  <property name="name">RegressionSuite</property>
  <property name="description"></property>
  <property name="id">Test Suites/RegressionSuite</property>
</record>
<record>
  <date>2018-09-14T16:01:03</date>
  <millis>1536937263623</millis>
  <sequence>1</sequence>
  <level>RUN_DATA</level>
  <class>com.kms.katalon.core.logging.KeywordLogger</class>
  <method>logMessage</method>
  <thread>1</thread>
  <message>Logging run data &amp;apos;hostName&amp;apos; with value &amp;apos;Kaushal - DESKTOP-D4528LJ&amp;apos;</message>
  <nestedLevel>0</nestedLevel>
  <property name="hostName">Kaushal - DESKTOP-D4528LJ</property>
</record>
<record>
  <date>2018-09-14T16:01:03</date>
  <millis>1536937263625</millis>
  <sequence>2</sequence>
  <level>RUN_DATA</level>
  <class>com.kms.katalon.core.logging.KeywordLogger</class>
  <method>logMessage</method>
  <thread>1</thread>
  <message>Logging run data &amp;apos;os&amp;apos; with value &amp;apos;Windows 10 64bit&amp;apos;</message>
  <nestedLevel>0</nestedLevel>
  <property name="os">Windows 10 64bit</property>
</record>
<record>
  <date>2018-09-14T16:01:03</date>
  <millis>1536937263626</millis>
  <sequence>3</sequence>
  <level>RUN_DATA</level>
  <class>com.kms.katalon.core.logging.KeywordLogger</class>
  <method>logMessage</method>
  <thread>1</thread>
  <message>Logging run data &amp;apos;hostAddress&amp;apos; with value &amp;apos;10.6.8.31&amp;apos;</message>
  <nestedLevel>0</nestedLevel>
  <property name="hostAddress">10.6.8.31</property>
</record>
<record>
  <date>2018-09-14T16:01:03</date>
  <millis>1536937263632</millis>
  <sequence>4</sequence>
  <level>RUN_DATA</level>
  <class>com.kms.katalon.core.logging.KeywordLogger</class>
  <method>logMessage</method>
  <thread>1</thread>
  <message>Logging run data &amp;apos;katalonVersion&amp;apos; with value &amp;apos;5.7.0.1&amp;apos;</message>
  <nestedLevel>0</nestedLevel>
  <property name="katalonVersion">5.7.0.1</property>
</record>
<record>
  <date>2018-09-14T16:01:04</date>
  <millis>1536937264160</millis>
  <sequence>5</sequence>
  <level>START</level>
  <class>com.kms.katalon.core.logging.KeywordLogger</class>
  <method>startTest</method>
  <thread>1</thread>
  <message>Start Test Case : Test Cases/completed/TestCase1_Login/Email_Invalid</message>
  <nestedLevel>1</nestedLevel>
  <property name="name">Test Cases/completed/TestCase1_Login/Email_Invalid</property>
  <property name="description">When Email entered is invalid or not in the database</property>
  <property name="id">Test Cases/completed/TestCase1_Login/Email_Invalid</property>
  <property name="source">C:\\Users\\Kaushal\\Desktop\\Katalon Studio\\vCallingDashboard\\Test Cases\\completed\\TestCase1_Login\\Email_Invalid.tc</property>
  <property name="isOptional">false</property>
</record>
<record>
  <date>2018-09-14T16:01:04</date>
  <millis>1536937264214</millis>
  <sequence>6</sequence>
  <level>INFO</level>
  <class>com.kms.katalon.core.logging.KeywordLogger</class>
  <method>logMessage</method>
  <thread>1</thread>
  <message>Evaluating variables for test case</message>
  <nestedLevel>1</nestedLevel>
</record>
<record>
  <date>2018-09-14T16:01:04</date>
  <millis>1536937264739</millis>
  <sequence>7</sequence>
  <level>START</level>
  <class>com.kms.katalon.core.logging.KeywordLogger</class>
  <method>startKeyword</method>
  <thread>1</thread>
  <message>Start action : openBrowser</message>
  <nestedLevel>1</nestedLevel>
  <property name="startLine">22</property>
  <property name="stepIndex">1</property>
</record>
<record>
  <date>2018-09-14T16:01:05</date>
  <millis>1536937265196</millis>
  <sequence>8</sequence>
  <level>INFO</level>
  <class>com.kms.katalon.core.logging.KeywordLogger</class>
  <method>logMessage</method>
  <thread>1</thread>
  <message>Opening browser</message>
  <nestedLevel>1</nestedLevel>
</record>
<record>
  <date>2018-09-14T16:01:05</date>
  <millis>1536937265212</millis>
  <sequence>9</sequence>
  <level>INFO</level>
  <class>com.kms.katalon.core.logging.KeywordLogger</class>
  <method>logMessage</method>
  <thread>1</thread>
  <message>Starting &amp;apos;Chrome&amp;apos; driver</message>
  <nestedLevel>1</nestedLevel>
</record>
<record>
  <date>2018-09-14T16:01:05</date>
  <millis>1536937265278</millis>
  <sequence>10</sequence>
  <level>INFO</level>
  <class>com.kms.katalon.core.logging.KeywordLogger</class>
  <method>logMessage</method>
  <thread>1</thread>
  <message>Action delay is set to 0 seconds</message>
  <nestedLevel>1</nestedLevel>
</record>
